d:\github\fivelang\flang-rtc\x64\debug\vc143.pdb
d:\github\fivelang\flang-rtc\x64\debug\vc143.idb
d:\github\fivelang\flang-rtc\x64\debug\consoleutils.nativecodeanalysis.sarif
d:\github\fivelang\flang-rtc\x64\debug\consoleutils.nativecodeanalysis.xml
d:\github\fivelang\flang-rtc\x64\debug\fileutils.nativecodeanalysis.sarif
d:\github\fivelang\flang-rtc\x64\debug\fileutils.nativecodeanalysis.xml
d:\github\fivelang\flang-rtc\x64\debug\flang-rtc.nativecodeanalysis.sarif
d:\github\fivelang\flang-rtc\x64\debug\flang-rtc.nativecodeanalysis.xml
d:\github\fivelang\flang-rtc\x64\debug\lexer.nativecodeanalysis.sarif
d:\github\fivelang\flang-rtc\x64\debug\lexer.nativecodeanalysis.xml
d:\github\fivelang\flang-rtc\x64\debug\lexer.obj
d:\github\fivelang\flang-rtc\x64\debug\flang-rtc.obj
d:\github\fivelang\flang-rtc\x64\debug\fileutils.obj
d:\github\fivelang\flang-rtc\x64\debug\consoleutils.obj
d:\github\fivelang\flang-rtc\x64\debug\flang-rtc.ilk
d:\github\fivelang\flang-rtc\x64\debug\flang-rtc.exe
d:\github\fivelang\flang-rtc\x64\debug\flang-rtc.pdb
d:\github\fivelang\flang-rtc\x64\debug\vc.nativecodeanalysis.all.xml
d:\github\fivelang\flang-rtc\x64\debug\flang-rtc.tlog\cl.command.1.tlog
d:\github\fivelang\flang-rtc\x64\debug\flang-rtc.tlog\cl.read.1.tlog
d:\github\fivelang\flang-rtc\x64\debug\flang-rtc.tlog\cl.write.1.tlog
d:\github\fivelang\flang-rtc\x64\debug\flang-rtc.tlog\link.command.1.tlog
d:\github\fivelang\flang-rtc\x64\debug\flang-rtc.tlog\link.read.1.tlog
d:\github\fivelang\flang-rtc\x64\debug\flang-rtc.tlog\link.write.1.tlog
